Starting build process (File-based Mode)...
DEBUG: Filename [montbell_fleece_complete_guide.md]
DEBUG: Map Entry Exists? NO
DEBUG: Tags Count: 0
DEBUG: Map Keys Sample:
Array
(
    [0] => altra_shoes_guide.md
    [1] => approach_shoes_guide.md
    [2] => arai_tent_air_raiz_guide.md
    [3] => arcteryx_backpack_guide.md
    [4] => arcteryx_shell_guide.md
)
Building article: 繧｢繝ｫ繝医Λ(ALTRA)縲後ぞ繝ｭ繝峨Ο繝・・縲阪・陦晄茶・√・縺上ｉ縺ｯ縺弱・遲玖ｉ逞帙→蠑輔″謠帙∴縺ｫ謇九↓蜈･繧九瑚・辟ｶ縺ｪ豁ｩ陦後阪・螳滓・
Building article: 繧｢繝励Ο繝ｼ繝√す繝･繝ｼ繧ｺ縺ｯ逋ｻ螻ｱ髱ｴ縺ｨ菴輔′驕輔≧?縲後け繝ｩ繧､繝溘Φ繧ｰ繧ｾ繝ｼ繝ｳ縲阪′逕溘・蝨ｧ蛟堤噪繧ｰ繝ｪ繝・・縺ｨ豁ｩ縺阪↓縺上＆縺ｮ逵溷ｮ・Building article: 繧｢繝ｩ繧､繝・Φ繝医後お繧｢繝ｩ繧､繧ｺ縲阪・譌･譛ｬ縺ｮ螳晢ｼ∬・莠ｺ豌苓ｳｪ縺ｮ繝・Φ繝医・鬲・鴨繧定ｪ槭ｋ
Building article: 繧｢繝ｼ繧ｯ繝・Μ繧ｯ繧ｹ縺ｮ繝ｪ繝･繝・け縲・ｫ倥＞縺代←菴輔′縺・＞縺ｮ・溷､谿ｵ縺ｮ逅・罰繧貞ｮ悟・隗｣隱ｬ
Building article: 繧｢繝ｼ繧ｯ繝・Μ繧ｯ繧ｹ 繝輔Μ繝ｼ繧ｹ繝ｻ繝溘ャ繝峨Ξ繧､繝､繝ｼ螳悟・繧ｬ繧､繝峨織elta繝ｻKyanite繝ｻCovert蠕ｹ蠎墓ｯ碑ｼ・・Building article: 繧｢繝ｼ繧ｯ繝・Μ繧ｯ繧ｹ 繝上・繝峨す繧ｧ繝ｫ螳悟・繧ｬ繧､繝峨植lpha繝ｻBeta繝ｻZeta蠕ｹ蠎墓ｯ碑ｼ・・Building article: 繧｢繝ｼ繧ｯ繝・Μ繧ｯ繧ｹ 繝繧ｦ繝ｳ繝ｻ荳ｭ邯ｿ繧ｸ繝｣繧ｱ繝・ヨ螳悟・繧ｬ繧､繝峨植tom繝ｻCerium繝ｻThorium蠕ｹ蠎墓ｯ碑ｼ・・Building article: 繧｢繝ｼ繧ｯ繝・Μ繧ｯ繧ｹ縺ｮ縲窟lpha縲阪→縲沓eta縲阪√←縺｣縺｡繧定ｲｷ縺医・縺・＞・・ｼ溽匳螻ｱ繧ｬ繧､繝峨・蜈育函縺梧蕗縺医ｋ縲悟､ｱ謨励＠縺ｪ縺・∈縺ｳ譁ｹ縲・Building article: 繧｢繝ｼ繝繧ｫ繝舌・縺ｯ縲後♀縺ｰ縺輔ｓ縲阪・繧｢繧､繝・Β・溘＞繧・∫匳螻ｱ譛蠑ｷ縺ｮ菴捺ｸｩ隱ｿ謨ｴ繧ｮ繧｢縺・∵律辟ｼ縺代→陌ｫ繧帝亟縺仙ｮ溽畑諤ｧ
Building article: 蛹也ｹ・vs 繧ｦ繝ｼ繝ｫ vs 繝上う繝悶Μ繝・ラ・√・繝ｼ繧ｹ繝ｬ繧､繝､繝ｼ荵ｾ辯･騾溷ｺｦ蟇ｾ豎ｺ縺ｧ蛻・°縺｣縺溘梧怙蠑ｷ縺ｮ邏譚舌阪→縺ｯ・・Building article: 逋ｻ螻ｱ縺ｮ蟋九ａ譁ｹ螳悟・繧ｬ繧､繝会ｽ懊ぞ繝ｭ縺九ｉ蛻・°繧句・蠢・・′譛蛻昴↓繧・ｋ縺ｹ縺肴ｺ門ｙ縺ｨ蠢・ｧ九∴
Building article: 蛻昴ａ縺ｦ縺ｮ螻ｱ驕ｸ縺ｳ縺ｧ螟ｱ謨励＠縺ｪ縺・ｼ∫匳螻ｱ蛻晏ｿ・・′遏･縺｣縺ｦ縺翫￥縺ｹ縺・縺､縺ｮ蝓ｺ貅・Building article: 繝薙ャ繧ｰ繧｢繧ｰ繝阪せ縺ｮ繝・Φ繝医・縲悟濠閾ｪ遶九搾ｼ溯ｻｽ縺輔→螻・ｽ乗ｧ縺ｮ繝舌Λ繝ｳ繧ｹ繧貞ｾｹ蠎墓､懆ｨｼ
Building article: 繝悶Λ繝・け繝繧､繝､繝｢繝ｳ繝峨・繝ｪ繝･繝・け縺ｯ縲後す繝ｳ繝励Ν繧､繧ｺ繝吶せ繝医阪・讌ｵ閾ｴ・√◎縺ｮ鬲・鴨繧定ｪ槭ｋ
Building article: 逋ｻ螻ｱ縺ｮ繝代Φ繝・ｼ井ｸ狗捩・峨・邯ｿ縺縺ｨ豁ｻ縺ｬ・溘・繧ｯ繧ｵ繝ｼ繝悶Μ繝ｼ繝輔・縲瑚ぃ謫ｦ繧後埼亟豁｢縺ｨ騾滉ｹｾ諤ｧ繧呈､懆ｨｼ
Building article: 繧ｭ繝｣繝ｩ繝舌Φ(Caravan)縲靴1_02S縲阪・螳溷鴨讀懆ｨｼ・∝・蠢・・′髮ｨ縺ｮ譛ｨ驕薙〒霆｢縺ｰ縺ｪ縺・◆繧√・縲悟━縺励＆縲阪→縺ｯ
Building article: 陦励〒繧ょｱｱ縺ｧ繧ゆｽｿ縺医ｋ・√さ繝ｭ繝ｳ繝薙い縺ｮ繝舌ャ繧ｯ繝代ャ繧ｯ縺ｮ鬲・鴨縺ｨ驕ｸ縺ｳ譁ｹ
Building article: 證悶°縺・・縺ｫ霆ｽ縺・ｼ√さ繝ｭ繝ｳ繝薙い縺ｮ繧ｿ繝ｼ繝懊ム繧ｦ繝ｳ邃｢縺ｯ蜀ｬ逋ｻ螻ｱ縺ｮ謨台ｸ紋ｸｻ縺・Building article: 繝代ち繧ｴ繝九い縺倥ｃ縺ｪ縺上※繧ゅ＞縺・ｼ溘さ繝ｭ繝ｳ繝薙い縺ｮ繝輔Μ繝ｼ繧ｹ縺碁∈縺ｰ繧後ｋ逅・罰
Building article: 繧ｳ繝ｭ繝ｳ繝薙い縺ｮ繧ｰ繝ｭ繝ｼ繝悶∫ｨｮ鬘槫､壹☆縺趣ｼ・ｼ溽匳螻ｱ繧ｬ繧､繝峨・蜈育函縺梧蕗縺医ｋ縲悟､ｱ謨励＠縺ｪ縺・∈縺ｳ譁ｹ縲・Building article: 豎励〒蜀ｷ繧・☆!?繧ｪ繝繝九ヵ繝ｪ繝ｼ繧ｺ繧ｼ繝ｭ謳ｭ霈会ｼ√さ繝ｭ繝ｳ繝薙い蟶ｽ蟄舌・繧ｭ繝｣繝・・螳悟・繧ｬ繧､繝・Building article: 菴鍋・繧貞渚蟆・＠縺ｦ菫晄ｸｩ・√さ繝ｭ繝ｳ繝薙い縲後が繝繝九ヲ繝ｼ繝医阪ユ繧ｯ繝弱Ο繧ｸ繝ｼ縺ｮ遘伜ｯ・Building article: 髦ｲ豌ｴ縺ｪ縺ｮ縺ｫ闥ｸ繧後↑縺・ｼ溘さ繝ｭ繝ｳ繝薙い縺ｮ縲後が繝繝九ユ繝・け縲阪′逋ｻ螻ｱ閠・↓謾ｯ謖√＆繧後ｋ逅・罰
Building article: 莨ｸ邵ｮ諤ｧ謚懃ｾ､・√さ繝ｭ繝ｳ繝薙い縺ｮ繝代Φ繝・〒蠢ｫ驕ｩ繝医Ξ繝・く繝ｳ繧ｰ縲舌Δ繝・Ν蛻･豈碑ｼ・・Building article: 繧ｳ繝ｭ繝ｳ繝薙い縺ｮ繝ｬ繧､繝ｳ繧ｦ繧ｧ繧｢縺ｯ繧ｳ繧ｹ繝第怙蠑ｷ・溘が繝繝九ユ繝・け髦ｲ豌ｴ諤ｧ閭ｽ繧貞ｾｹ蠎墓､懆ｨｼ
Building article: 繧ｳ繝ｭ繝ｳ繝薙い縺ｮ逋ｻ螻ｱ髱ｴ縺｣縺ｦ縺ｩ縺・↑縺ｮ・滄亟豌ｴ諤ｧ縺ｨ螻･縺榊ｿ・慍繧呈悽髻ｳ繝ｬ繝薙Η繝ｼ
Building article: CW-X繧ｵ繝昴・繝医ち繧､繝・ｮ悟・繧ｬ繧､繝・縲悟ｱ･縺上ユ繝ｼ繝斐Φ繧ｰ縲阪・逋ｻ螻ｱ縺ｮ閹晉李繧呈悽蠖薙↓謨代≧縺ｮ縺・
Building article: 譌･蟶ｰ繧顔匳螻ｱ縺ｪ繧・0L縺ｯ螟ｧ縺阪☆縺弱ｋ!?縲・0L蜿ｰ縲阪・繝ｪ繝･繝・け縺悟ｮ溘・譛蠑ｷ縺ｪ逅・罰
Building article: 縲後お繧｢繧ｳ繝ｳ繧ｿ繧ｯ繝医阪▲縺ｦ菴包ｼ溘ラ繧､繧ｿ繝ｼ縺ｮ繝ｪ繝･繝・け縺後瑚・縺ｧ閭瑚ｲ縺・阪→險繧上ｌ繧狗ｧ伜ｯ・Building article: DOD縺ｮ繝√ぉ繧｢縲∫ｨｮ鬘槫､壹☆縺・?逋ｻ螻ｱ繧ｬ繧､繝峨・蜈育函縺梧蕗縺医ｋ縲悟､ｱ謨励＠縺ｪ縺・∈縺ｳ譁ｹ縲・Building article: DOD縺ｮ繧ｯ繝ｼ繝ｩ繝ｼ繝懊ャ繧ｯ繧ｹ縲∝錐蜑阪′髱｢逋ｽ縺吶℃・・ｼ溽匳螻ｱ繧ｬ繧､繝峨・蜈育函縺梧蕗縺医ｋ縲悟､ｱ謨励＠縺ｪ縺・∈縺ｳ譁ｹ縲・Building article: 莠梧ｬ｡辯・┥縺ｮ鄒弱＠縺・ｎ繧呈焔縺ｫ蜈･繧後ｍ・．OD辟壹″轣ｫ蜿ｰ繝ｻBBQ繧ｰ繝ｪ繝ｫ螳悟・謾ｻ逡･繧ｬ繧､繝・Building article: 繧ｭ繝｣繝ｳ繝鈴｣ｯ縺後・繝ｳ繝阪Μ・櫂OD繧ｭ繝・メ繝ｳ隱ｿ逅・勣蜈ｷ縺ｧ譁咏炊縺ｮ蟷・′蜉・噪縺ｫ蠎・′繧具ｼ・Building article: DOD縺ｮ蟇晁｢九・繧ｳ繝・ヨ縲∫ｨｮ鬘槫､壹☆縺趣ｼ・ｼ溽匳螻ｱ繧ｬ繧､繝峨・蜈育函縺梧蕗縺医ｋ縲悟､ｱ謨励＠縺ｪ縺・∈縺ｳ譁ｹ縲・Building article: DOD縺ｮ繧ｽ繝ｭ繝ｻ繝・・繝ｪ繝ｳ繧ｰ繝・Φ繝医∫ｨｮ鬘槫､壹☆縺・?逋ｻ螻ｱ繧ｬ繧､繝峨・蜈育函縺梧蕗縺医ｋ縲悟､ｱ謨励＠縺ｪ縺・∈縺ｳ譁ｹ縲・Building article: DOD縺ｮ繧ｭ繝｣繝ｪ繝ｼ繝ｯ繧ｴ繝ｳ繝ｻ蜿守ｴ阪ぐ繧｢縲∫ｨｮ鬘槫､壹☆縺趣ｼ・ｼ溽匳螻ｱ繧ｬ繧､繝峨・蜈育函縺梧蕗縺医ｋ縲悟､ｱ謨励＠縺ｪ縺・∈縺ｳ譁ｹ縲・Building article: DOD縺ｮ繝・・繝悶Ν縲∫ｨｮ鬘槫､壹☆縺・?逋ｻ螻ｱ繧ｬ繧､繝峨・蜈育函縺梧蕗縺医ｋ縲悟､ｱ謨励＠縺ｪ縺・∈縺ｳ譁ｹ縲・Building article: 辟壹″轣ｫ豢ｾ vs 髮ｨ蟇ｾ遲匁ｴｾ縲√≠縺ｪ縺溘・縺ｩ縺｣縺｡・櫂OD繧ｿ繝ｼ繝怜・繝｢繝・Ν蠕ｹ蠎戊ｧ｣蜑・Building article: 繧ｫ繝槭・繧ｳ vs 繧ｿ繧ｱ繝弱さ vs 繝ｯ繝ｳ繝昴・繝ｫ縲．OD繝・Φ繝亥・繝｢繝・Ν蠕ｹ蠎戊ｧ｣蜑・Building article: EPIgas縺ｯ縲檎ｷ代・郛ｶ縲搾ｼ∝ｮ牙ｮ壽─謚懃ｾ､縺ｮ蛻・屬蝙九ヰ繝ｼ繝翫・縺ｧ蜃昴▲縺滓侭逅・↓謖第姶 (EPIgas)
Building article: 繝輔ぃ繧､繝ｳ繝医Λ繝・け(finetrack)縲後ラ繝ｩ繧､繝ｬ繧､繝､繝ｼ縲阪・譛ｬ蠖薙↓豎怜・縺医＠縺ｪ縺・ｼ滓徴豌ｴ繝｡繝・す繝･縺ｮ螳溷鴨繧呈ｿ｡繧後◆閧後〒讀懆ｨｼ
Building article: 繧ｲ繧､繧ｿ繝ｼ・医せ繝代ャ繝・ｼ峨・譛ｬ蠖薙↓蠢・ｦ・ｼ滓ｳ･縺ｨ蟆冗浹繧偵す繝｣繝・ヨ繧｢繧ｦ繝医☆繧九瑚ｶｳ蜈・・逶ｾ縲阪・螳溽畑諤ｧ
Building article: 繧ｴ繝・し繝槭・繧ｮ繧｢縲後ざ繝ｪ繝ｩ縲阪・縺ｪ縺懈・縺輔ｌ繧具ｼ溯レ雋縺・ｿ・慍縺ｨ霆ｽ縺輔・鮟・≡豈・Building article: 繧ｰ繝ｬ繧ｴ繝ｪ繝ｼ縺ｮ蟆丞梛繝舌ャ繧ｰ縲∫ｵ仙ｱ縺ｩ繧後′縺・＞縺ｮ・溘ヱ繝・ャ繝峨す繝ｧ繝ｫ繝繝ｼ縺九ｉ繝・・繝ｫ繝｡繧､繝医∪縺ｧ蠕ｹ蠎墓ｯ碑ｼ・Building article: 繧ｰ繝ｬ繧ｴ繝ｪ繝ｼ縺ｮ螟ｧ蝙九Μ繝･繝・け縲√ヰ繝ｫ繝医Ο縺ｨ繝代Λ繧ｴ繝ｳ縺ｩ縺｣縺｡繧定ｲｷ縺・∋縺搾ｼ溷ｾｹ蠎墓ｯ碑ｼ・Building article: 螟ｧ蝙九Μ繝･繝・け霑ｷ蟄仙ｿ・ｦ具ｼ√げ繝ｬ繧ｴ繝ｪ繝ｼ 繝舌Ν繝医Ο繝ｻ繝・ぅ繝舌・繝代Λ繧ｴ繝ｳ縺ｮ驕輔＞縺御ｸ逋ｺ縺ｧ繧上°繧句ｮ悟・繧ｬ繧､繝・Building article: 豈取律縺ｮ騾壼共縺悟､峨ｏ繧具ｼ√げ繝ｬ繧ｴ繝ｪ繝ｼ縺ｮ繝薙ず繝阪せ繝ｪ繝･繝・け螳悟・繧ｬ繧､繝峨舌き繝舌・繝医け繝ｩ繧ｷ繝・け蠕ｹ蠎墓ｯ碑ｼ・・Building article: 蛻昴ａ縺ｦ縺ｮ逋ｻ螻ｱ繝ｪ繝･繝・け驕ｸ縺ｳ・√げ繝ｬ繧ｴ繝ｪ繝ｼ縺ｮ繧ｺ繝ｼ繝ｫ繝ｻ繧ｸ繧ｧ繧､繝峨・繧ｹ繧ｿ繧ｦ繝医ｒ蠕ｹ蠎戊ｧ｣隱ｬ
Building article: 譌･蟶ｰ繧顔匳螻ｱ縺九ｉ譌・｡後∪縺ｧ・√げ繝ｬ繧ｴ繝ｪ繝ｼ蟆丞梛繝ｪ繝･繝・け驕ｸ縺ｳ螳悟・繝槭ル繝･繧｢繝ｫ縲舌Α繧ｦ繧ｩ繝・け繝ｻ繝翫ヮ繝ｻ繧ｷ繝医Ο繧貞ｾｹ蠎墓ｯ碑ｼ・・Building article: 繝上ャ繝・蟶ｽ蟄・ vs 繧ｭ繝｣繝・・・∝ｱｱ縺ｧ譛ｬ蠖薙↓菴ｿ縺医ｋ縺ｮ縺ｯ縺ｩ縺｣縺｡・滓律辟ｼ縺鷹亟豁｢縺ｨ閠宣｢ｨ諤ｧ繧偵ヵ繧｣繝ｼ繝ｫ繝画ｯ碑ｼ・Building article: 螻ｱ縺ｧ縲後ｂ縺励ｂ縲阪′襍ｷ縺阪◆繧会ｼ溽匳螻ｱ荳ｭ縺ｮ邱頑･莠区・蟇ｾ蠢懷ｮ悟・繧ｬ繧､繝峨宣％霑ｷ縺・・諤ｪ謌代・驕ｭ髮｣譎ゅ・蟇ｾ蜃ｦ豕輔・Building article: 縲蝉ｿ晏ｭ倡沿縲醍匳螻ｱ蜑阪・繝医Ξ繝ｼ繝九Φ繧ｰ縺ｧ蟾ｮ縺後▽縺擾ｼ∬・螳・〒縺ｧ縺阪ｋ菴灘鴨縺･縺上ｊ螳悟・繧ｬ繧､繝・Building article: 螻ｱ縺ｧ諱･繧偵°縺九↑縺・ｼ∫匳螻ｱ繝槭リ繝ｼ螳悟・繧ｬ繧､繝峨仙・蠢・・′遏･繧九∋縺阪Ν繝ｼ繝ｫ縺ｨ繧ｨ繝√こ繝・ヨ縲・Building article: 逋ｻ螻ｱ縺ｧ繝舌ユ繧倶ｺｺ縲∫ｶ壼・竅・繝壹・繧ｹ驟榊・縺ｮ遘大ｭｦ縺ｧ縲梧･ｽ縺ｫ逋ｻ繧九肴･ｵ諢上ｒ螳悟・繝槭せ繧ｿ繝ｼ
Building article: 繧ｶ繝・け繧呈桾縺ｫ縺吶ｋ縺ｨ鬥悶′逞帙＞・√檎匳螻ｱ逕ｨ繝斐Ο繝ｼ縲阪〒逹｡逵縺ｮ雉ｪ繧剃ｸ翫￡繧医≧
Building article: 逋ｻ螻ｱ險育判譖ｸ縺ｮ譖ｸ縺肴婿繧ｬ繧､繝峨仙・蠢・・〒繧ゅ〒縺阪ｋ・∬ｨ育判縺ｮ遶九※譁ｹ縺ｨ繝ｫ繝ｼ繝磯∈縺ｳ縺ｮ繧ｳ繝・・Building article: 逋ｻ螻ｱ縺ｧ逍ｲ繧後ｒ谿九＆縺ｪ縺・ｼ∝柑譫懃噪縺ｪ莨第・縺ｮ蜿悶ｊ譁ｹ縺ｨ繧ｷ繝｣繝ｪ繝舌ユ髦ｲ豁｢陦・Building article: 逋ｻ螻ｱ蜑阪・繧ｹ繝医Ξ繝・メ縲√ｄ繧区э蜻ｳ縺ゅｋ・滓ｺ門ｙ驕句虚縺ｧ螟峨ｏ繧狗夢蜉ｴ縺ｨ諤ｪ謌代・繝ｪ繧ｹ繧ｯ
Building article: 螻ｱ縺ｧ繝医う繝ｬ縺ｩ縺・☆繧九・・溽匳螻ｱ荳ｭ縺ｮ繝医う繝ｬ蝠城｡悟ｮ悟・繧ｬ繧､繝峨仙・蠢・・ｿ・ｦ九・Building article: 逋ｻ螻ｱ縺ｮ豁ｩ縺肴婿螳悟・繧ｬ繧､繝峨千夢繧後↓縺上＞豁ｩ陦瑚｡薙ｒ螻ｱ蟯ｳ繧ｬ繧､繝峨′莨晄肢縲・Building article: 螻ｱ縺ｮ螟ｩ豌嶺ｺ亥ｱ縲√←縺・ｦ九ｌ縺ｰ縺・＞・溽匳螻ｱ縺ｮ螟ｩ蛟吝愛譁ｭ縺ｨ荳ｭ豁｢蝓ｺ貅悶ｒ蠕ｹ蠎戊ｧ｣隱ｬ
Building article: 螻ｱ縺ｧ蜃ｺ莨壹＞縺溘￥縺ｪ縺・ｼ∫・繝ｻ陷ゅ・陋・・繝､繝槭ン繝ｫ縺ｸ縺ｮ蛯吶∴縺ｨ驕ｭ驕・凾縺ｮ蟇ｾ蜃ｦ豕・Building article: 逋ｽ縺・Μ繝･繝・け縺ｯ豎壹ｌ繧具ｼ櫞MG縺ｮUL繧ｶ繝・け繧・蟷ｴ菴ｿ縺｣縺ｦ繧上°縺｣縺溘Μ繧｢繝ｫ縺ｪ諢滓Φ
Building article: 繝帙き繧ｪ繝阪が繝・HOKA)縺ｮ縲悟字蠎輔阪・螻ｱ縺ｧ菴ｿ縺医ｋ縺ｮ縺具ｼ滉ｸ九ｊ蝮ゅ〒縺ｮ閹昴∈縺ｮ陦晄茶縺ｨ螳牙ｮ壽ｧ繧偵ヵ繧｣繝ｼ繝ｫ繝峨ユ繧ｹ繝・Building article: 繧｢繧､繧ｹ繝悶Ξ繝ｼ繧ｫ繝ｼ(Icebreaker)縺ｮ繝｡繝ｪ繝弱え繝ｼ繝ｫ縺ｯ縺ｪ縺懆・繧上↑縺・ｼ・騾ｱ髢鍋捩邯壹￠縺ｦ蛻・°縺｣縺滄ｩ夂焚縺ｮ髦ｲ閾ｭ蜉帙→貂ｩ蠎ｦ隱ｿ謨ｴ
Building article: 繝繧ｦ繝ｳ vs 蛹也ｹ翫う繝ｳ繧ｵ繝ｬ繝ｼ繧ｷ繝ｧ繝ｳ・∬｡悟虚荳ｭ縺ｫ逹繧九↑繧峨←縺｣縺｡・溘梧ｿ｡繧後阪→縲瑚頂繧後阪∈縺ｮ蟇ｾ蠢懷鴨繧貞ｾｹ蠎墓ｯ碑ｼ・Building article: 繧､繧ｹ繧ｫ縺ｮ蟇晁｢九・縲悟ｽ｢縲阪′驕輔≧・∵律譛ｬ莠ｺ縺ｮ菴灘梛縺ｫ蜷医ｏ縺帙◆3D讒矩縺ｨ縺ｯ
Building article: 縺頑ｹｯ縺梧ｲｸ縺上・縺梧掠縺吶℃・√ず繧ｧ繝・ヨ繝懊う繝ｫ縺後≠繧後・繧ｫ繝・・鮗ｺ蠕・■譎る俣繧ｼ繝ｭ隱ｬ (Jetboil)
Building article: 繧ｫ繝ｪ繝槭・縺ｮ繝繧ｦ繝ｳ縲∫ｨｮ鬘槭≠繧翫☆縺主撫鬘鯉ｼ・00FP縺｣縺ｦ菴輔′縺吶＃縺・・・・024蟷ｴ譛譁ｰ繝｢繝・Ν螳悟・謾ｻ逡･
Building article: 蜀ｬ螻ｱ繧り｡励ｂ・√き繝ｪ繝槭・繝輔Μ繝ｼ繧ｹ螳悟・繧ｬ繧､繝峨先ｬ｡荳紋ｻ｣邏譚触RPN vs 繧ｯ繝ｩ繧ｷ繝・けJourney蠕ｹ蠎墓ｯ碑ｼ・・Building article: 蟇偵＆遏･繧峨★縺ｮ螻ｱ陦後∈・√き繝ｪ繝槭・縺ｮ螳溷鴨豢ｾ繧ｰ繝ｭ繝ｼ繝悶〒隗｣豎ｺ縺吶ｋ縲梧焔縺ｮ蜀ｷ縺医榊撫鬘・Building article: 繧ｫ繝ｪ繝槭・縺ｮ蟶ｽ蟄舌∬ｿｷ縺・☆縺主撫鬘後ゅし繝ｳ繧ｷ繧ｧ繝ｼ繝会ｼ溘ワ繝・ヨ・溘く繝｣繝・・・溘◎繧後→繧ゅン繝ｼ繝九・・溘仙・遞ｮ鬘槫ｾｹ蠎墓ｯ碑ｼ・・Building article: 繝・Φ繝域ｳ翫ョ繝薙Η繝ｼ蠢・ｦ具ｼ√き繝ｪ繝槭・ Cougar vs Ridge 螟ｧ蝙九Μ繝･繝・け蠕ｹ蠎墓ｯ碑ｼ・Building article: 騾壼共繧ょ・蠑ｵ繧ゅ％繧御ｸ縺､縺ｧ・√き繝ｪ繝槭・ 繝薙ず繝阪せ繝ｻ繝ｩ繧､繝輔せ繧ｿ繧､繝ｫ繝ｪ繝･繝・け螳悟・繧ｬ繧､繝・Building article: 譌･蟶ｰ繧翫懷ｱｱ蟆丞ｱ区ｳ翫↓譛驕ｩ・√き繝ｪ繝槭・ ridge vs intrepid 荳ｭ蝙九Μ繝･繝・け蠕ｹ蠎墓ｯ碑ｼ・Building article: 縲仙・蠢・・ｿ・ｦ九代き繝ｪ繝槭・縺ｮ繧｢繧ｦ繧ｿ繝ｼ縲√←繧碁∈縺ｶ・殳riton繝ｻarete繝ｻ蠕ｹ蠎墓ｯ碑ｼ・〒霑ｷ繧上↑縺・∈縺ｳ譁ｹ
Building article: 縲後ヱ繝ｳ繝・∫ｨｮ鬘槫､壹☆縺趣ｼ√阪き繝ｪ繝槭・縺ｮ繝代Φ繝・・繧ｷ繝ｧ繝ｼ繝・√←繧碁∈縺ｹ縺ｰ縺・＞縺ｮ・溘芯omfy繝ｻtrek繝ｻrigg蠕ｹ蠎墓ｯ碑ｼ・・Building article: 髮ｨ縺ｮ逋ｻ螻ｱ縲√き繝ｪ繝槭・縺ｧ縺ｩ繧碁∈縺ｶ・歟eaufort繝ｻGORE-TEX繝ｻWTX縲∝・驛ｨ驕輔≧縺｣縺ｦ遏･縺｣縺ｦ縺滂ｼ・Building article: 繧ｫ繝ｪ繝槭・縺ｮ繝ｪ繝・ず30縺ｯ縺ｪ縺懊梧律譛ｬ莠ｺ縺ｮ閭御ｸｭ縲阪↓蜷医≧縺ｮ縺具ｼ溘ぎ繧､繝峨′隗｣隱ｬ
Building article: 螻ｱ縺ｧ繧り｡励〒繧ょｿｫ驕ｩ縺ｫ・√き繝ｪ繝槭・縺ｮ繧ｷ繝｣繝・・T繧ｷ繝｣繝・ｮ悟・繧ｬ繧､繝峨織PF蠕ｹ蠎戊ｧ｣隱ｬ縲・Building article: 逋ｻ螻ｱ縺ｮ繧ｵ繝悶ヰ繝・げ縺ｩ縺・☆繧具ｼ溘き繝ｪ繝槭・縺ｮ繧ｵ繧ｳ繝・す繝･繝ｻ繧ｷ繝ｧ繝ｫ繝繝ｼ繝舌ャ繧ｰ縺ｧ陦悟虚荳ｭ縺ｮ繧ｹ繝医Ξ繧ｹ繧定ｧ｣豸茨ｼ・Building article: 蛻昴ａ縺ｦ縺ｮ繝ｪ繝･繝・け驕ｸ縺ｳ縺ｫ霑ｷ縺｣縺溘ｉ・溘き繝ｪ繝槭・縺ｮ蟆丞梛繝ｪ繝･繝・け3繧ｷ繝ｪ繝ｼ繧ｺ繧貞ｾｹ蠎戊ｧ｣蜑・Building article: 蟆乗氛縺ｪ遘√↓繝輔ぅ繝・ヨ縺吶ｋ逋ｻ螻ｱ繝ｪ繝･繝・け縺後↑縺・ｼ√き繝ｪ繝槭・縺ｮ螂ｳ諤ｧ蜷代￠繝｢繝・Ν縺ｧ隗｣豎ｺ縺励◆隧ｱ
Building article: 繧ｭ繝ｼ繝ｳ(KEEN)逋ｻ螻ｱ髱ｴ 螳悟・繧ｬ繧､繝会ｼ壹▽縺ｾ蜈井ｿ晁ｭｷNo.1縺縺後√き繧ｫ繝医′豬ｮ縺擾ｼ鬱ARGHEE縺ｨPYRENEES縺ｮ驕輔＞繧貞ｾｹ蠎墓､懆ｨｼ
Building article: 繧ｹ繝昴Ν繝・ぅ繝・LA SPORTIVA)縺ｮ縲後げ繝ｪ繝・・蜉帙阪・譛ｬ迚ｩ縺具ｼ溘う繝ｳ繝代け繝医ヶ繝ｬ繝ｼ繧ｭ繧ｷ繧ｹ繝・Β縺ｮ螳溷鴨繧偵ヵ繧｣繝ｼ繝ｫ繝画､懆ｨｼ
Building article: 繝ｭ繝ｼ繝舌・(LOWA)逋ｻ螻ｱ髱ｴ螳悟・繧ｬ繧､繝会ｼ壹ラ繧､繝・・莠ｺ謚縺檎函繧縲瑚ｶｳ縺ｫ蜷ｸ縺・ｻ倥￥縲阪ヵ繧｣繝・ヨ諢溘・遘伜ｯ・Building article: 蜃榊す繧帝亟縺舌げ繝ｭ繝ｼ繝夜∈縺ｳ縺ｮ讌ｵ諢擾ｼ√・繝繝ｼ繝亥ｸｽ蟄舌・繧ｰ繝ｭ繝ｼ繝悶・繧｢繧ｯ繧ｻ繧ｵ繝ｪ繝ｼ螳悟・繧ｬ繧､繝・Building article: 繝槭Β繝ｼ繝医・髮ｪ蟠ｩ陬・ｙ縲∫ｨｮ鬘槫､壹☆縺・?逋ｻ螻ｱ繧ｬ繧､繝峨・蜈育函縺梧蕗縺医ｋ縲悟､ｱ謨励＠縺ｪ縺・∈縺ｳ譁ｹ縲・Building article: 繝槭Β繝ｼ繝医・繝ｪ繝･繝・け縲∫ｨｮ鬘槫､壹☆縺趣ｼ・ｼ溽匳螻ｱ繧ｬ繧､繝峨・蜈育函縺梧蕗縺医ｋ縲悟､ｱ謨励＠縺ｪ縺・∈縺ｳ譁ｹ縲・Building article: 繝槭Β繝ｼ繝医・繝舌ャ繧ｯ繝代ャ繧ｯ縲∫ｨｮ鬘槫､壹☆縺・?逋ｻ螻ｱ繧ｬ繧､繝峨・蜈育函縺梧蕗縺医ｋ縲悟､ｱ謨励＠縺ｪ縺・∈縺ｳ譁ｹ縲・Building article: 繝槭Β繝ｼ繝医・繝ｭ繝ｼ繝励・繝上・繝阪せ繝ｻ繧ｫ繝ｩ繝薙リ縲∫ｨｮ鬘槫､壹☆縺・?逋ｻ螻ｱ繧ｬ繧､繝峨・蜈育函縺梧蕗縺医ｋ縲悟､ｱ謨励＠縺ｪ縺・∈縺ｳ譁ｹ縲・Building article: 豼｡繧後※繧よ囑縺九＞!?DRY DOWN謚陦捺政霈会ｼ√・繝繝ｼ繝医ム繧ｦ繝ｳ繧ｸ繝｣繧ｱ繝・ヨ螳悟・繧ｬ繧､繝・Building article: Convey vs Ayako vs Nordwand縲√・繝繝ｼ繝医ワ繝ｼ繝峨す繧ｧ繝ｫ螳悟・謾ｻ逡･繧ｬ繧､繝・Building article: Excursion vs Aconcagua vs Crag縲√・繝繝ｼ繝医Α繝・ラ繝ｬ繧､繝､繝ｼ螳悟・謾ｻ逡･繧ｬ繧､繝・Building article: 繝・Η繧ｫ繝ｳ vs 繧ｵ繝斐Η繧ｨ繝ｳ vs 繧ｻ繝ｫ繝・ぅ繧ｰ縲√≠縺ｪ縺溘↓譛驕ｩ縺ｪ繝槭Β繝ｼ繝育匳螻ｱ髱ｴ縺ｯ縺ｩ繧鯉ｼ・Building article: 繝槭Β繝ｼ繝・MAMMUT)縺ｮ逋ｻ螻ｱ髱ｴ縲∫ｨｮ鬘槫､壹☆縺趣ｼ・ｼ溽匳螻ｱ繧ｬ繧､繝峨・蜈育函縺梧蕗縺医ｋ縲悟､ｱ謨励＠縺ｪ縺・∈縺ｳ譁ｹ縲・Building article: 繝槭Β繝ｼ繝医・繧ｽ繝輔ヨ繧ｷ繧ｧ繝ｫ縲∫ｨｮ鬘槫､壹☆縺趣ｼ・ｼ溽匳螻ｱ繧ｬ繧､繝峨・蜈育函縺梧蕗縺医ｋ縲悟､ｱ謨励＠縺ｪ縺・∈縺ｳ譁ｹ縲・Building article: 繝槭Β繝ｼ繝・MAMMUT)縲後い繝ｫ繝・ぅ繝｡繧､繝医阪・縺ｪ縺懆頂繧後↑縺・ｼ溘え繧｣繝ｳ繝峨せ繝医ャ繝代・縺ｮ髦ｲ鬚ｨ諤ｧ縺ｨ騾乗ｹｿ諤ｧ縺ｮ繝舌Λ繝ｳ繧ｹ繧呈､懆ｨｼ
Building article: 繝｡繝ｬ繝ｫ(MERRELL)縲後Δ繧｢繝悶阪・縺ｪ縺懃夢繧後↑縺・ｼ溘い繝ｼ繝√し繝昴・繝医→繧ｨ繧｢繧ｯ繝・す繝ｧ繝ｳ縺ｮ蠢ｫ驕ｩ諤ｧ繧貞ｾｹ蠎輔Ξ繝薙Η繝ｼ
Building article: 縲後し繝ｼ繧ｹ繝輔ぉ繝ｼ縲阪□縺代§繧・↑縺・ｼ√Α繝ｬ繝ｼ縺ｮ繝舌ャ繧ｯ繝代ャ繧ｯ蜈ｨ繧ｷ繝ｪ繝ｼ繧ｺ蠕ｹ蠎戊ｧ｣隱ｬ
Building article: 陦励〒繧ゅし繝槭↓縺ｪ繧具ｼ√Α繝ｬ繝ｼ縺ｮ繝繧ｦ繝ｳ繧ｸ繝｣繧ｱ繝・ヨ縺後後♀縺励ｃ繧檎匳螻ｱ閠・阪↓莠ｺ豌励・逅・罰
Building article: 繝溘Ξ繝ｼ(Millet)縲後ラ繝ｩ繧､繝翫Α繝・け繝｡繝・す繝･縲阪・隕九◆逶ｮ縺ｯ繝､繝舌＞縺梧ｧ閭ｽ縺ｯ繧ｬ繝・ｼ∵ｱ怜・縺医ｒ迚ｩ逅・噪縺ｫ隗｣豎ｺ縺吶ｋ蜴壽焔邯ｲ繧ｷ繝｣繝・Building article: 蝨ｰ蜻ｳ縺倥ｃ縺ｪ縺・√◎繧後′縺・＞縲ゅΑ繝ｬ繝ｼ縺ｮ繝輔Μ繝ｼ繧ｹ縺檎私莠ｺ縺ｫ驕ｸ縺ｰ繧後ｋ逅・罰
Building article: 繝溘Ξ繝ｼ縺ｮ繧ｰ繝ｭ繝ｼ繝悶∫ｨｮ鬘槫､壹☆縺・?逋ｻ螻ｱ繧ｬ繧､繝峨・蜈育函縺梧蕗縺医ｋ縲悟､ｱ謨励＠縺ｪ縺・∈縺ｳ譁ｹ縲・Building article: 繝溘Ξ繝ｼ縺ｮ繝医Ξ繝・く繝ｳ繧ｰ繝代Φ繝・∫ｨｮ鬘槫､壹☆縺趣ｼ・ｼ溽匳螻ｱ繧ｬ繧､繝峨・蜈育函縺梧蕗縺医ｋ縲悟､ｱ謨励＠縺ｪ縺・∈縺ｳ譁ｹ縲・Building article: 騾乗ｹｿ諤ｧ5荳・▲縺ｦ菴輔′縺吶＃縺・ｼ溘Α繝ｬ繝ｼ縲後ユ繧｣繝輔か繝ｳ50000縲阪・螳溷鴨縺ｨ驕ｸ縺ｳ譁ｹ
Building article: 蛻昴ａ縺ｦ縺ｮ逋ｻ螻ｱ繝ｪ繝･繝・け縲∬ｿｷ縺｣縺溘ｉ繝溘Ξ繝ｼ縲後し繝ｼ繧ｹ繝輔ぉ繝ｼ縲阪ｒ雋ｷ縺・縺昴・3縺､縺ｮ逅・罰
Building article: 繝溘Ξ繝ｼ縺ｮ逋ｻ螻ｱ髱ｴ縲√ヵ繝ｩ繝ｳ繧ｹ縺ｮ豢礼ｷｴ縺輔→螳溷鴨繧定ｶｳ蜈・↓・√悟､ｱ謨励＠縺ｪ縺・∈縺ｳ譁ｹ縲榊ｮ悟・繧ｬ繧､繝・Building article: 繝ｬ繧､繝ｳ繧ｦ繧ｧ繧｢繧医ｊ蠢ｫ驕ｩ・溘Α繝ｬ繝ｼ縺ｮ縲後た繝輔ヨ繧ｷ繧ｧ繝ｫ縲阪′螻ｱ縺ｧ豢ｻ霄阪☆繧狗炊逕ｱ
Building article: 譌･蟶ｰ繧翫懊ユ繝ｳ繝域ｳ翫∪縺ｧ邯ｲ鄒・ｼ√Δ繝ｳ繝吶Ν 繝舌ャ繧ｯ繝代ャ繧ｯ蜈ｨ繧ｷ繝ｪ繝ｼ繧ｺ蠕ｹ蠎墓ｯ碑ｼ・Building article: 繧ｳ繧ｹ繝第怙蠑ｷ隱ｬ縺ｯ譛ｬ蠖難ｼ溘Δ繝ｳ繝吶Ν縺ｮ繝ｪ繝･繝・け繧偵・繝ｭ縺梧悽髻ｳ縺ｧ繝ｬ繝薙Η繝ｼ縺励※縺ｿ縺・Building article: 螻ｱ縺ｧ陲矩ｺｺ縺碁｣溘∋縺溘＞・√Δ繝ｳ繝吶Ν繧ｯ繝・き繝ｼ縲後せ繧ｯ繧ｨ繧｢縲阪′譛蠑ｷ縺ｪ逅・罰
Building article: 繝｢繝ｳ繝吶Ν縺ｮ繝繧ｦ繝ｳ繧ｸ繝｣繧ｱ繝・ヨ縲∫ｨｮ鬘槫､壹☆縺・?逋ｻ螻ｱ繧ｬ繧､繝峨・蜈育函縺梧蕗縺医ｋ縲悟､ｱ謨励＠縺ｪ縺・∈縺ｳ譁ｹ縲・Building article: 繧ｷ繝｣繝溘・繧ｹ vs 繧ｯ繝ｪ繝槭・繝ｩ繧ｹ vs 繧ｯ繝ｪ繝槭お繧｢縲√Δ繝ｳ繝吶Ν繝輔Μ繝ｼ繧ｹ螳悟・謾ｻ逡･繧ｬ繧､繝・Building article: 譏･螟冗ｧ句・縲∝ｭ｣遽蛻･縺ｧ驕ｸ縺ｶ・√Δ繝ｳ繝吶Ν繧ｰ繝ｭ繝ｼ繝門ｮ悟・謾ｻ逡･繧ｬ繧､繝・Building article: 112. 繝｢繝ｳ繝吶Ν 蟶ｽ蟄舌・繧ｭ繝｣繝・・螳悟・繧ｬ繧､繝・Building article: 繧ｹ繝医・繝繧ｯ繝ｫ繝ｼ繧ｶ繝ｼ vs 繝ｬ繧､繝ｳ繝繝ｳ繧ｵ繝ｼ縲√Δ繝ｳ繝吶Ν繝ｬ繧､繝ｳ繧ｦ繧ｧ繧｢螳悟・謾ｻ逡･繧ｬ繧､繝・Building article: 繝｢繝ｳ繝吶Ν(mont-bell)縲後せ繝医・繝繧ｯ繝ｫ繝ｼ繧ｶ繝ｼ縲阪・縺ｪ縺懈怙蠑ｷ縺具ｼ・0蟷ｴ縺ｮ騾ｲ蛹悶′逕溘ｓ縺遨ｶ讌ｵ縺ｮ繝ｬ繧､繝ｳ繧ｦ繧ｧ繧｢
Building article: 繝｢繝ｳ繝吶Ν(mont-bell)縺ｮ逋ｻ螻ｱ髱ｴ縺ｯ縲後ム繧ｵ縺・阪・縺具ｼ滓怙蠑ｷ繧ｽ繝ｼ繝ｫ縲後ヨ繝ｬ繝ｼ繝ｫ繧ｰ繝ｪ繝・ヱ繝ｼ縲阪・鬩夂焚逧・↑繧ｰ繝ｪ繝・・蜉帙ｒ讀懆ｨｼ
Building article: 繝繧ｦ繝ｳ繝上ぎ繝ｼ vs 繝舌Ο繧ｦ繝舌ャ繧ｰ縲√Δ繝ｳ繝吶Ν蟇晁｢九ｒ菴ｿ逕ｨ繧ｷ繝ｼ繝ｳ蛻･縺ｫ蠕ｹ蠎墓ｯ碑ｼ・Building article: 繝｢繝ｳ繝吶Ν縺ｮ蟇晁｢九・縲御ｼｸ縺ｳ繧九搾ｼ√せ繝ｼ繝代・繧ｹ繝代う繝ｩ繝ｫ繧ｹ繝医Ξ繝・メ縺悟ｿｫ驕ｩ縺吶℃繧・(Montbell)
Building article: 繝｢繝ｳ繝吶Ν縺ｮ髱ｴ荳九・繧ｽ繝・け繧ｹ縲∫ｨｮ鬘槫､壹☆縺趣ｼ・ｼ溽匳螻ｱ繧ｬ繧､繝峨・蜈育函縺梧蕗縺医ｋ縲悟､ｱ謨励＠縺ｪ縺・∈縺ｳ譁ｹ縲・Building article: 繝｢繝ｳ繝吶Ν縺ｮ繧ｽ繝輔ヨ繧ｷ繧ｧ繝ｫ縲∫ｨｮ鬘槫､壹☆縺・?逋ｻ螻ｱ繧ｬ繧､繝峨・蜈育函縺梧蕗縺医ｋ縲悟､ｱ謨励＠縺ｪ縺・∈縺ｳ譁ｹ縲・Building article: 繝｢繝ｳ繝吶Ν縲後せ繝・Λ繝ｪ繝・ず縲阪′譌･譛ｬ縺ｮ螻ｱ縺ｧ荳逡ｪ隕九°縺代ｋ逅・罰縲りｨｭ蝟ｶ縺励ｄ縺吶＆縺檎･橸ｼ・Building article: 繝｢繝ｳ繝吶Ν縺ｮ繝・Φ繝医∫ｨｮ鬘槫､壹☆縺・?逋ｻ螻ｱ繧ｬ繧､繝峨・蜈育函縺梧蕗縺医ｋ縲悟､ｱ謨励＠縺ｪ縺・∈縺ｳ譁ｹ縲・Building article: 閹昴∈縺ｮ雋諡・0%貂幢ｼ√い繝ｫ繝・vs 繧ｫ繝ｼ繝懊Φ縲√Δ繝ｳ繝吶Ν繝医Ξ繝・く繝ｳ繧ｰ繝昴・繝ｫ螳悟・繧ｬ繧､繝・Building article: 繧ｸ繧ｪ繝ｩ繧､繝ｳ vs 繝｡繝ｪ繝弱え繝ｼ繝ｫ縲∵ｱ怜・縺亥ｯｾ遲悶〒驕ｸ縺ｶ繝｢繝ｳ繝吶Ν繧｢繝ｳ繝繝ｼ繧ｦ繧ｧ繧｢螳悟・繧ｬ繧､繝・Building article: 螻ｱ繧ｷ繝｣繝・・縲後ム繧ｵ縺・阪・縺具ｼ溷ｮ溘・譛蠑ｷ縺ｮ菴捺ｸｩ隱ｿ謨ｴ繧ｦ繧ｧ繧｢縺ｧ縺ゅｋ逅・罰繧呈ｩ溯・髱｢縺九ｉ隗｣隱ｬ
Building article: MSR縺ｮ繝・Φ繝医・蜉豌ｴ蛻・ｧ｣縺吶ｋ・滓ｭ｣縺励＞菫晉ｮ｡譁ｹ豕輔→縲後ワ繝舌ワ繝舌阪・鬲・鴨
Building article: 驥阪＞闕ｷ迚ｩ縺瑚ｻｽ縺乗─縺倥ｋ・・ｼ溘Α繧ｹ繝・Μ繝ｼ繝ｩ繝ｳ繝√・縲後ヵ繝･繝ｼ繝√Η繝ｩ繝ｨ繝ｼ繧ｯ縲阪す繧ｹ繝・Β縺ｨ縺ｯ
Building article: 繝翫Φ繧ｬ縺ｮ蟇晁｢九・縲梧ｰｸ荵・ｿ晁ｨｼ縲搾ｼ∫ｴ繧後※繧ら峩縺励※縺上ｌ繧句ｮ牙ｿ・─縺ｨ證悶°縺・(Nanga)
Building article: 繝阪ャ繧ｯ繧ｲ繧､繧ｿ繝ｼ・・uff・峨・縺溘□縺ｮ蟶・・繧鯉ｼ溘＞繧・・譫壹〒10蠖ｹ縺薙↑縺吶悟ｱｱ縺ｮ荳・・繝・・繝ｫ縲阪□・・Building article: 蟇晏ｿ・慍驥崎ｦ悶↑繧峨お繧｢繝ｼ繝槭ャ繝茨ｼ√ル繝ｼ繝｢縲後ユ繝ｳ繧ｵ繝ｼ縲阪〒螻ｱ縺ｧ繧ら・逹｡縺吶ｋ譁ｹ豕・(Nemo)
Building article: 蟇晏ｿ・慍驥崎ｦ悶↑繧峨お繧｢繝ｼ繝槭ャ繝茨ｼ√ル繝ｼ繝｢縲後ユ繝ｳ繧ｵ繝ｼ縲阪〒螻ｱ縺ｧ繧ら・逹｡縺吶ｋ譁ｹ豕・Building article: 繝九・繝｢縲後ち繝九阪・蠎・￥縺ｦ霆ｽ縺・ｼ∝ｱ・ｽ乗ｧ驥崎ｦ悶・繝・Φ繝域ｳ翫↑繧峨％繧後〒豎ｺ縺ｾ繧・Building article: 陦励〒繧ょｱｱ縺ｧ繧ゑｼ√ヮ繝ｼ繧ｹ繝輔ぉ繧､繧ｹ縺ｮ繝ｪ繝･繝・け縺後梧怙蠑ｷ縺ｮ荳・・驕ｸ謇九阪→蜻ｼ縺ｰ繧後ｋ繝ｯ繧ｱ
Building article: 縲瑚レ荳ｭ縺瑚頂繧後ｋ縲榊撫鬘後↓邨よｭ｢隨ｦ!繧ｪ繧ｹ繝励Ξ繝ｼ縺ｮ繝ｪ繝･繝・け縺悟ｿｫ驕ｩ縺吶℃繧狗炊逕ｱ
Building article: 繝代Λ繝ｳ繝・(Pa'lante) 螳悟・繧ｬ繧､繝会ｼゞL繝上う繧ｫ繝ｼ縺檎・迢ゅ☆繧九梧ｭｩ縺咲ｶ壹￠繧九◆繧√阪・繝舌ャ繧ｯ繝代ャ繧ｯ
Building article: 繝代ち繧ｴ繝九い縲軍1縲阪・縺ｪ縺應ｼ晁ｪｬ縺ｪ縺ｮ縺・逋ｻ螻ｱ閠・′蜈ｨ蜩｡謖√▲縺ｦ縺・ｋ縺ｨ險繧上ｌ繧狗炊逕ｱ縲仙ｮ悟・菫晏ｭ倡沿縲・Building article: 繝励Μ繝繧ｹ縲訓-153縲阪・轣ｫ蜉帙′驕輔≧・・｢ｨ縺ｫ蠑ｷ縺・ヰ繝ｼ繝翫・縺ｧ螻ｱ鬆ゅΛ繝ｼ繝｡繝ｳ繧剃ｽ懊ｍ縺・(Primus)
Building article: rule_youtube
Building article: 繧ｵ繝ｭ繝｢繝ｳ(Salomon)縲傾 ULTRA縲阪・譛ｬ蠖薙↓襍ｰ繧後ｋ縺ｮ縺具ｼ溘す繝｣繝ｼ繧ｷ讒矩縺後ｂ縺溘ｉ縺吶悟ｮ牙ｮ壹阪→縲瑚ｻｽ蠢ｫ縲阪・遏帷崟縺ｪ縺崎檮蜷・Building article: 繧ｹ繧ｫ繝ｫ繝・SCARPA)縺ｮ螳滓姶閭ｽ蜉帙ｒ蠕ｹ蠎輔ユ繧ｹ繝茨ｼ√後た繝・け繝輔ぅ繝・ヨ縲阪′繧ゅ◆繧峨☆蟯ｩ蝣ｴ縺ｧ縺ｮ蝨ｧ蛟堤噪繧｢繝峨ヰ繝ｳ繝・・繧ｸ
Building article: 繧ｷ繝ｪ繧ｪ(SIRIO)縺ｮ縲・E+縲阪・譛ｬ蠖薙↓逞帙￥縺ｪ縺・・縺具ｼ溷ｹ・ｺ・抜鬮倥・雜ｳ縺ｧ蠕ｹ蠎墓､懆ｨｼ繝ｬ繝薙Η繝ｼ
Building article: 繝昴・繝ｫ1譛ｬ縺ｧ蟒ｺ縺､・・ｼ溘す繝・け繧ｹ繝繝ｼ繝ｳ繝・じ繧､繝ｳ繧ｺ縺ｮ繝・Φ繝医〒UL繧ｹ繧ｿ繧､繝ｫ縺ｫ謖第姶
Building article: 螻ｱ繧ｹ繧ｫ繝ｼ繝・vs 繧ｷ繝ｧ繝ｼ繝医ヱ繝ｳ繝・ｼ∝･ｳ蟄千匳螻ｱ縺ｧ譛ｬ蠖薙↓蠢ｫ驕ｩ縺ｪ縺ｮ縺ｯ縺ｩ縺｣縺｡・溘ヨ繧､繝ｬ縺ｮ蛻ｩ萓ｿ諤ｧ縺ｨ雜ｳ謐後″繧貞ｾｹ蠎墓ｯ碑ｼ・Building article: 繧ｹ繝槭・繝医え繝ｼ繝ｫ(Smartwool)縺ｮ髱ｴ荳九・縺ｪ縺懊檎匳螻ｱ閠・・蛻ｶ譛阪阪↑縺ｮ縺具ｼ・8.5繝溘け繝ｭ繝ｳ縺ｮ讌ｵ邏ｰ郢顔ｶｭ縺ｨ閠蝉ｹ・ｧ繧貞ｾｹ蠎墓､懆ｨｼ
Building article: 繧ｹ繝弱・繝斐・繧ｯ縺ｮ繧｢繝代Ξ繝ｫ縲∫ｨｮ鬘槫､壹☆縺趣ｼ・ｼ溽匳螻ｱ繧ｬ繧､繝峨・蜈育函縺梧蕗縺医ｋ縲悟､ｱ謨励＠縺ｪ縺・∈縺ｳ譁ｹ縲・Building article: 繧ｹ繝弱・繝斐・繧ｯ縺ｮ繝舌・繝翫・繝ｻ繧ｹ繝医・繝悶∫ｨｮ鬘槫､壹☆縺・?逋ｻ螻ｱ繧ｬ繧､繝峨・蜈育函縺梧蕗縺医ｋ縲悟､ｱ謨励＠縺ｪ縺・∈縺ｳ譁ｹ縲・Building article: 繝ｭ繝ｼ繧ｹ繧ｿ繧､繝ｫ豢ｾ vs 繝上う繧ｹ繧ｿ繧､繝ｫ豢ｾ縲√せ繝弱・繝斐・繧ｯ繝√ぉ繧｢縲悟･・ｷ｡縺ｮ蠎ｧ繧雁ｿ・慍縲阪ｒ隕九▽縺代ｋ譁ｹ豕・Building article: 繧ｹ繝弱・繝斐・繧ｯ縺ｮ繧ｯ繝・き繝ｼ繝ｻ隱ｿ逅・勣蜈ｷ縲∫ｨｮ鬘槫､壹☆縺趣ｼ・ｼ溽匳螻ｱ繧ｬ繧､繝峨・蜈育函縺梧蕗縺医ｋ縲悟､ｱ謨励＠縺ｪ縺・∈縺ｳ譁ｹ縲・Building article: 螟上く繝｣繝ｳ繝励〒鬟滓攝繧貞ｮ医ｌ・√せ繝弱・繝斐・繧ｯ縺ｮ繧ｯ繝ｼ繝ｩ繝ｼ繝懊ャ繧ｯ繧ｹ繝ｻ繧ｸ繝｣繧ｰ螳悟・謾ｻ逡･繧ｬ繧､繝・Building article: 繧ｹ繝弱・繝斐・繧ｯ縺ｮ辟壹″轣ｫ蜿ｰ縲∫ｨｮ鬘槫､壹☆縺趣ｼ・ｼ溽匳螻ｱ繧ｬ繧､繝峨・蜈育函縺梧蕗縺医ｋ縲悟､ｱ謨励＠縺ｪ縺・∈縺ｳ譁ｹ縲・Building article: IGT豐ｼ縺ｫ繝上・繧句燕縺ｫ・√せ繝弱・繝斐・繧ｯ 繧｢繧､繧｢繝ｳ繧ｰ繝ｪ繝ｫ繝・・繝悶Ν螳悟・謾ｻ逡･繧ｬ繧､繝・Building article: LED縺ｨ繧ｬ繧ｹ縲√←縺｣縺｡縺後＞縺・ｼ溘せ繝弱・繝斐・繧ｯ縺ｮ繝ｩ繝ｳ繧ｿ繝ｳ繝ｻ繝ｩ繧､繝医ｒ繧ｷ繝ｼ繝ｳ蛻･縺ｫ蠕ｹ蠎墓ｯ碑ｼ・Building article: 繧ｹ繝弱・繝斐・繧ｯ縺ｮ繝壹げ縺ｨ繝上Φ繝槭・縲∫ｨｮ鬘槫､壹☆縺・?逋ｻ螻ｱ繧ｬ繧､繝峨・蜈育函縺梧蕗縺医ｋ縲悟､ｱ謨励＠縺ｪ縺・∈縺ｳ譁ｹ縲・Building article: 繧ｭ繝｣繝ｳ繝励〒蟶・屮縺ｮ繧医≧縺ｫ逵繧翫◆縺・ｼ√せ繝弱・繝斐・繧ｯ縲後が繝輔ヨ繝ｳ縲阪す繝ｪ繝ｼ繧ｺ蠕ｹ蠎戊ｧ｣隱ｬ
Building article: 繧ｷ繧ｧ繝ｫ繝輔さ繝ｳ繝・リ vs 繝槭Ν繝√さ繝ｳ繝・リ縲√せ繝弱・繝斐・繧ｯ蜿守ｴ阪こ繝ｼ繧ｹ螳悟・謾ｻ逡･繧ｬ繧､繝・Building article: IGT vs 繝ｯ繝ｳ繧｢繧ｯ繧ｷ繝ｧ繝ｳ vs 繧ｸ繧ｫ繝ｭ縲√←繧後ｒ驕ｸ縺ｶ・溘せ繝弱・繝斐・繧ｯ繝・・繝悶Ν螳悟・謾ｻ逡･
Building article: 繧｢繝｡繝九ユ繧｣繝峨・繝 vs 繝ｩ繝ｳ繝峨Ο繝・け縲∝・繧√※縺ｮ繧ｹ繝弱・繝斐・繧ｯ繝・Φ繝医・繧ｿ繝ｼ繝怜ｾｹ蠎墓ｯ碑ｼ・Building article: 繧ｷ繝ｳ繧ｰ繝ｫ vs 繝繝悶Ν縲∫√荳画擅縺ｮ閨ｷ莠ｺ謚縺悟・繧九せ繝弱・繝斐・繧ｯ繝√ち繝ｳ繝槭げ螳悟・繧ｬ繧､繝・Building article: 繧ｹ繝弱・繝斐・繧ｯ縺ｮ逋ｻ螻ｱ繝ｻ繝医Ξ繝・く繝ｳ繧ｰ繧ｮ繧｢縲∫ｨｮ鬘槫､壹☆縺・?逋ｻ螻ｱ繧ｬ繧､繝峨・蜈育函縺梧蕗縺医ｋ縲悟､ｱ謨励＠縺ｪ縺・∈縺ｳ譁ｹ縲・Building article: SOTO縲後え繧､繝ｳ繝峨・繧ｹ繧ｿ繝ｼ縲阪・縺昴・蜷阪・騾壹ｊ鬚ｨ縺ｫ蠑ｷ縺・ｼ∝ｯ貞・蝨ｰ縺ｧ繧ょｮ牙ｮ壹☆繧狗炊逕ｱ
Building article: 逋ｻ螻ｱ螂ｳ蟄舌・謔ｩ縺ｿNo.1縲梧昭繧後阪→縲梧ｱ怜・縺医阪ｒ隗｣豎ｺ・√せ繝昴・繝・ヶ繝ｩ縺ｮ讖溯・諤ｧ縺ｨ驕ｸ縺ｳ譁ｹ繧貞ｾｹ蠎戊ｧ｣隱ｬ
Building article: 譏･遘狗匳螻ｱ縺ｮ譛崎｣・→陬・ｙ縲√・繝・Λ繝ｳ縺梧蕗縺医ｋ荳ｭ髢捺悄縺ｮ關ｽ縺ｨ縺礼ｩｴ縺ｨ蟇ｾ遲・Building article: 繝医Ξ繝・く繝ｳ繧ｰ繝昴・繝ｫ・医せ繝医ャ繧ｯ・峨・縲瑚ｶｳ縺悟｢励∴繧九埼ｭ疲ｳ輔・譚厄ｼ∬・縺ｮ雋諡・ｒ3蜑ｲ貂帙ｉ縺呎ｭ｣縺励＞菴ｿ縺・婿縺ｨ驕ｸ縺ｳ譁ｹ
Building article: 螟丞ｱｱ繧ｷ繝ｼ繧ｺ繝ｳ蛻ｰ譚･・∵囁縺輔→邏ｫ螟也ｷ壹°繧芽ｺｫ繧貞ｮ医ｋ螳悟・繧ｬ繧､繝・Building article: 逋ｻ螻ｱ縺ｮ繧ｵ繝ｳ繧ｰ繝ｩ繧ｹ縺ｯ縲後き繝・さ縺､縺代阪§繧・↑縺・ｼ∫ｴｫ螟也ｷ壹°繧臥岼繧貞ｮ医ｋ縲悟￥蜈峨Ξ繝ｳ繧ｺ縲阪→縲瑚ｪｿ蜈峨Ξ繝ｳ繧ｺ縲阪・螳溷鴨
Building article: 繝・ぅ繝ｼ繝医Φ繝悶Ο繧ｹ(Teton Bros.)縲後ヤ繝ｫ繧ｮ繧ｸ繝｣繧ｱ繝・ヨ縲阪・譁懊ａ繧ｸ繝・ヱ繝ｼ縺ｯ莨企＃縺倥ｃ縺ｪ縺・ｼ√・繝ｫ繧ｪ繝ｼ繝舌・縺ｮ謠帶ｰ玲ｧ閭ｽ縺ｨ蜍輔″繧・☆縺輔ｒ讀懆ｨｼ
Building article: 繧ｵ繝ｼ繝槭Ξ繧ｹ繝医兄繝ｩ繧､繝医た繝ｫ縲阪・縺ｪ縺懷ｮ夂分縺ｪ縺ｮ縺具ｼ溘ヱ繧ｿ繝代ち逡ｳ繧√ｋ繝槭ャ繝医・蛻ｩ萓ｿ諤ｧ (Therm-a-Rest)
Building article: 繧ｵ繝ｼ繝槭Ξ繧ｹ繝医兄繝ｩ繧､繝医た繝ｫ縲阪・縺ｪ縺懷ｮ夂分縺ｪ縺ｮ縺具ｼ溘ヱ繧ｿ繝代ち逡ｳ繧√ｋ繝槭ャ繝医・蛻ｩ萓ｿ諤ｧ
Building article: 逋ｻ螻ｱ繝ｪ繝･繝・け霑ｷ蟄舌ｒ謨代≧・√ヮ繝ｼ繧ｹ繝輔ぉ繧､繧ｹ 繝舌ャ繧ｯ繝代ャ繧ｯ螳悟・繧ｬ繧､繝峨舌ユ繝ｫ繧ｹ繝ｻ繧ｦ繝ｩ繝弱せ繝ｻ繝薙ャ繧ｰ繧ｷ繝ｧ繝・ヨ蠕ｹ蠎墓ｯ碑ｼ・・Building article: 繝弱・繧ｹ繝輔ぉ繧､繧ｹ(TNF)縺ｮ繝繧ｦ繝ｳ縺ｯ螻ｱ縺ｧ菴ｿ縺医ｋ縺具ｼ溘後レ繝励す縲阪後し繝ｳ繝繝ｼ縲阪後ヰ繝ｫ繝医Ο縲阪・豎ｺ螳夂噪縺ｪ驕輔＞縺ｨ菫晄ｸｩ諤ｧ繝・せ繝・Building article: 蜀ｬ縺ｮ逶ｸ譽偵ｒ隕九▽縺代ｈ縺・ｼ√ヮ繝ｼ繧ｹ繝輔ぉ繧､繧ｹ縺ｮ繝繧ｦ繝ｳ繝ｻ荳ｭ邯ｿ繧ｸ繝｣繧ｱ繝・ヨ螳悟・謾ｻ逡･縲舌ヰ繝ｫ繝医Ο繝ｻ繝後・繧ｷ繝ｻ繧ｵ繝ｳ繝繝ｼ蠕ｹ蠎墓ｯ碑ｼ・・Building article: 繝弱・繧ｹ繝輔ぉ繧､繧ｹ 繝輔Μ繝ｼ繧ｹ螳悟・繧ｬ繧､繝峨舌ョ繝翫Μ繝ｻ繝舌・繧ｵ繝ｭ繝輔ヨ繝ｻ繝槭え繝ｳ繝・Φ繝舌・繧ｵ蠕ｹ蠎墓ｯ碑ｼ・・Building article: 繝・Φ繝医ｂ蟇晁｢九ｂ蟶ｽ蟄舌ｂ謇玖｢九ｂ・√ヮ繝ｼ繧ｹ繝輔ぉ繧､繧ｹ縺ｮ繧ｮ繧｢繝ｻ繧｢繧ｯ繧ｻ繧ｵ繝ｪ繝ｼ螳悟・謾ｻ逡･繧ｬ繧､繝・Building article: 髮ｨ縺ｧ繧ょｱｱ縺ｧ繧り｡励〒繧ゑｼ√ヮ繝ｼ繧ｹ繝輔ぉ繧､繧ｹ縺ｮ繝上・繝峨す繧ｧ繝ｫ縲∫ｵ仙ｱ縺ｩ繧後ｒ驕ｸ縺ｹ縺ｰ縺・＞・溘け繝ｩ繧､繝繝ｩ繧､繝医・繝槭え繝ｳ繝・Φ繝ｻ繝峨ャ繝医す繝ｧ繝・ヨ蠕ｹ蠎墓ｯ碑ｼ・Building article: 繝弱・繧ｹ繝輔ぉ繧､繧ｹ 繝代Φ繝・・繧ｷ繝ｧ繝ｼ繝・ｮ悟・繧ｬ繧､繝峨舌い繝ｫ繝代う繝ｳ繝ｩ繧､繝医・繝舌・繝悶・繝槭げ繝槫ｾｹ蠎墓ｯ碑ｼ・・Building article: 蛻昴ａ縺ｦ縺ｮ繝医Ξ繝・く繝ｳ繧ｰ繧ｷ繝･繝ｼ繧ｺ驕ｸ縺ｳ・√ヮ繝ｼ繧ｹ繝輔ぉ繧､繧ｹ縺ｮ繧ｯ繝ｬ繧ｹ繝医Φ繝ｻ繝吶け繝・ぅ繝悶・菴輔′驕輔≧・溘・024蟷ｴ螳悟・繧ｬ繧､繝峨・Building article: 繝弱・繧ｹ繝輔ぉ繧､繧ｹ縺ｮ繧ｦ繧｣繝ｳ繝峨す繧ｧ繝ｫ縺ｨ繧ｽ繝輔ヨ繧ｷ繧ｧ繝ｫ縲√←縺・∈縺ｶ・溘せ繝ｯ繝ｭ繝ｼ繝・う繝ｫ縺九ｉ繧ｨ繝懊Μ繝･繝ｼ繧ｷ繝ｧ繝ｳ縺ｾ縺ｧ蠕ｹ蠎戊ｧ｣隱ｬ
Building article: 蛻昴ａ縺ｦ縺ｮ逋ｻ螻ｱ繧､繝ｳ繝翫・縲∽ｽ輔ｒ驕ｸ縺ｹ縺ｰ縺・＞・溘ヮ繝ｼ繧ｹ繝輔ぉ繧､繧ｹ縺ｮ繝吶・繧ｹ繝ｬ繧､繝､繝ｼ・・繧ｷ繝｣繝・ｾｹ蠎墓ｯ碑ｼ・ぎ繧､繝・Building article: 繝医Ξ繝・く繝ｳ繧ｰ繧ｰ繝ｭ繝ｼ繝悶・霆肴焔縺倥ｃ繝繝｡・溷ｲｩ蝣ｴ縺ｧ縺ｮ繧ｰ繝ｪ繝・・縺ｨ繧ｹ繝槭・謫堺ｽ懊・螳溽畑諤ｧ繧貞ｾｹ蠎墓ｯ碑ｼ・Building article: 繝医Ξ繝・く繝ｳ繧ｰ繝代Φ繝・・縲後ず繝｣繝ｼ繧ｸ縲阪→菴輔′驕輔≧・溽匳螻ｱ繧ｬ繧､繝峨′謨吶∴繧九梧悽蠖薙↓蠢・ｦ√↑讖溯・縲・Building article: 縺・▽縺九・谺ｲ縺励＞縲後え繧ｨ繧ｹ繧ｿ繝ｳ繝槭え繝ｳ繝・ル繧｢繝ｪ繝ｳ繧ｰ縲阪よ怙鬮倡ｴ壹ム繧ｦ繝ｳ繧ｷ繝･繝ｩ繝輔・荳也阜
Building article: 繧ｦ繧｣繝ｳ繝峨す繧ｧ繝ｫ縺ｯ縲後◆縺縺ｮ繝壹Λ繝壹Λ縺ｮ蟶・阪〒縺ｯ縺ｪ縺・ｼ∫匳螻ｱ縺ｧ荳逡ｪ菴ｿ縺・碁｢ｨ髦ｲ縺ｮ鬲疲ｳ輔・Building article: 髮ｪ螻ｱ逕ｨ逋ｻ螻ｱ髱ｴ縺ｯ縺ｪ縺憺ｫ倥＞・溘御ｿ晄ｸｩ譚舌阪→縲後さ繝舌阪′蜻ｽ繧貞ｮ医ｋ逅・罰繧貞ｾｹ蠎戊ｧ｣隱ｬ
Building article: 莠育ｴ・ｮｺ蛻ｰ・√悟ｱｱ縺ｨ驕薙阪・繝ｪ繝･繝・け縺檎匳螻ｱ閠・・蠢・ｒ謗ｴ繧薙〒髮｢縺輔↑縺・炊逕ｱ
Building article: 繧ｶ繝ｳ繝舌Λ繝ｳ(Zamberlan)縲後ヵ繧ｸ繝､繝槭阪・縺ｪ縺懃ｾ弱＠縺・ｼ滉ｸ譫夐擠讒矩縺後ｂ縺溘ｉ縺咎亟豌ｴ諤ｧ縺ｨ閠蝉ｹ・ｧ縺ｮ讌ｵ閾ｴ
Building article: 繝・ぉ繝ｫ繝域ｳ翫・荳顔ｴ夊・髄縺托ｼ溽ｷ頑･逕ｨ縺縺代§繧・ｂ縺｣縺溘＞縺ｪ縺・檎ｩ肴･ｵ蛻ｩ逕ｨ縲阪・縺吶☆繧・Building article: 繧ｼ繝ｭ繧ｰ繝ｩ繝縲窪l Chalten縲阪・邨宣愆縺ｫ蠑ｷ縺・ｼ√ム繝悶Ν繧ｦ繧ｩ繝ｼ繝ｫ縺ｪ縺ｮ縺ｫ險ｭ蝟ｶ縺檎・騾溘↑逅・罰
Building Homepage...
Generating articles.json...
Build Complete!
